2024-10-02 23:56:24.993 [background-preinit] INFO  o.h.validator.internal.util.Version - HV000001: Hibernate Validator 8.0.1.Final
2024-10-02 23:56:25.073 [restartedMain] INFO  com.notesbackend.NotesApp - Starting NotesApp using Java 17.0.11 with PID 24092 (C:\Users\mbeua\notesbackend\target\classes started by mbeua in C:\Users\mbeua\notesbackend)
2024-10-02 23:56:25.075 [restartedMain] INFO  com.notesbackend.NotesApp - No active profile set, falling back to 1 default profile: "default"
2024-10-02 23:56:25.166 [restartedMain] INFO  o.s.b.d.restart.ChangeableUrls - The Class-Path manifest attribute in C:\Users\mbeua\.m2\repository\com\sun\xml\bind\jaxb-xjc\4.0.5\jaxb-xjc-4.0.5.jar referenced one or more files that do not exist: file:/C:/Users/mbeua/.m2/repository/com/sun/xml/bind/jaxb-xjc/4.0.5/jaxb-core.jar,file:/C:/Users/mbeua/.m2/repository/com/sun/xml/bind/jaxb-xjc/4.0.5/jaxb-impl.jar
2024-10-02 23:56:25.167 [restartedMain] INFO  o.s.b.d.restart.ChangeableUrls - The Class-Path manifest attribute in C:\Users\mbeua\.m2\repository\com\sun\xml\bind\jaxb-jxc\4.0.5\jaxb-jxc-4.0.5.jar referenced one or more files that do not exist: file:/C:/Users/mbeua/.m2/repository/com/sun/xml/bind/jaxb-jxc/4.0.5/jaxb-core.jar,file:/C:/Users/mbeua/.m2/repository/com/sun/xml/bind/jaxb-jxc/4.0.5/jaxb-impl.jar,file:/C:/Users/mbeua/.m2/repository/com/sun/xml/bind/jaxb-jxc/4.0.5/jaxb-xjc.jar
2024-10-02 23:56:25.167 [restartedMain] INFO  o.s.b.d.restart.ChangeableUrls - The Class-Path manifest attribute in C:\Users\mbeua\.m2\repository\com\sun\xml\bind\jaxb-core\4.0.5\jaxb-core-4.0.5.jar referenced one or more files that do not exist: file:/C:/Users/mbeua/.m2/repository/com/sun/xml/bind/jaxb-core/4.0.5/jakarta.activation-api.jar,file:/C:/Users/mbeua/.m2/repository/com/sun/xml/bind/jaxb-core/4.0.5/jakarta.xml.bind-api.jar
2024-10-02 23:56:25.167 [restartedMain] INFO  o.s.b.d.restart.ChangeableUrls - The Class-Path manifest attribute in C:\Users\mbeua\.m2\repository\com\sun\xml\bind\jaxb-impl\4.0.5\jaxb-impl-4.0.5.jar referenced one or more files that do not exist: file:/C:/Users/mbeua/.m2/repository/com/sun/xml/bind/jaxb-impl/4.0.5/jaxb-core.jar,file:/C:/Users/mbeua/.m2/repository/com/sun/xml/bind/jaxb-impl/4.0.5/angus-activation.jar
2024-10-02 23:56:25.167 [restartedMain] INFO  o.s.b.d.e.DevToolsPropertyDefaultsPostProcessor - Devtools property defaults active! Set 'spring.devtools.add-properties' to 'false' to disable
2024-10-02 23:56:25.167 [restartedMain] INFO  o.s.b.d.e.DevToolsPropertyDefaultsPostProcessor - For additional web related logging consider setting the 'logging.level.web' property to 'DEBUG'
2024-10-02 23:56:26.611 [restartedMain] INFO  o.s.d.r.c.RepositoryConfigurationDelegate - Bootstrapping Spring Data JPA repositories in DEFAULT mode.
2024-10-02 23:56:26.819 [restartedMain] INFO  o.s.d.r.c.RepositoryConfigurationDelegate - Finished Spring Data repository scanning in 193 ms. Found 10 JPA repository interfaces.
2024-10-02 23:56:29.265 [restartedMain] INFO  o.s.b.w.e.tomcat.TomcatWebServer - Tomcat initialized with port 8080 (http)
2024-10-02 23:56:29.289 [restartedMain] INFO  o.a.coyote.http11.Http11NioProtocol - Initializing ProtocolHandler ["http-nio-8080"]
2024-10-02 23:56:29.297 [restartedMain] INFO  o.a.catalina.core.StandardService - Starting service [Tomcat]
2024-10-02 23:56:29.297 [restartedMain] INFO  o.a.catalina.core.StandardEngine - Starting Servlet engine: [Apache Tomcat/10.1.30]
2024-10-02 23:56:29.456 [restartedMain] INFO  o.a.c.c.C.[Tomcat].[localhost].[/] - Initializing Spring embedded WebApplicationContext
2024-10-02 23:56:29.456 [restartedMain] INFO  o.s.b.w.s.c.ServletWebServerApplicationContext - Root WebApplicationContext: initialization completed in 4288 ms
2024-10-02 23:56:30.838 [restartedMain] INFO  o.e.s.o.t.o.p.UpfrontAllocatingPageSource - Allocating 10.0MB in chunks
2024-10-02 23:56:30.877 [restartedMain] INFO  org.ehcache.core.EhcacheManager - Cache 'notes' created in EhcacheManager.
2024-10-02 23:56:30.908 [restartedMain] INFO  o.ehcache.jsr107.Eh107CacheManager - Registering Ehcache MBean javax.cache:type=CacheStatistics,CacheManager=file./C./Users/mbeua/notesbackend/target/classes/ehcache.xml,Cache=notes
2024-10-02 23:56:30.943 [restartedMain] DEBUG com.zaxxer.hikari.HikariConfig - HikariPool-1 - configuration:
2024-10-02 23:56:30.949 [restartedMain] DEBUG com.zaxxer.hikari.HikariConfig - allowPoolSuspension.............false
2024-10-02 23:56:30.949 [restartedMain] DEBUG com.zaxxer.hikari.HikariConfig - autoCommit......................true
2024-10-02 23:56:30.949 [restartedMain] DEBUG com.zaxxer.hikari.HikariConfig - catalog.........................none
2024-10-02 23:56:30.949 [restartedMain] DEBUG com.zaxxer.hikari.HikariConfig - connectionInitSql...............none
2024-10-02 23:56:30.949 [restartedMain] DEBUG com.zaxxer.hikari.HikariConfig - connectionTestQuery.............none
2024-10-02 23:56:30.949 [restartedMain] DEBUG com.zaxxer.hikari.HikariConfig - connectionTimeout...............30000
2024-10-02 23:56:30.949 [restartedMain] DEBUG com.zaxxer.hikari.HikariConfig - dataSource......................none
2024-10-02 23:56:30.949 [restartedMain] DEBUG com.zaxxer.hikari.HikariConfig - dataSourceClassName.............none
2024-10-02 23:56:30.949 [restartedMain] DEBUG com.zaxxer.hikari.HikariConfig - dataSourceJNDI..................none
2024-10-02 23:56:30.950 [restartedMain] DEBUG com.zaxxer.hikari.HikariConfig - dataSourceProperties............{password=<masked>}
2024-10-02 23:56:30.950 [restartedMain] DEBUG com.zaxxer.hikari.HikariConfig - driverClassName.................none
2024-10-02 23:56:30.950 [restartedMain] DEBUG com.zaxxer.hikari.HikariConfig - exceptionOverrideClassName......none
2024-10-02 23:56:30.950 [restartedMain] DEBUG com.zaxxer.hikari.HikariConfig - healthCheckProperties...........{}
2024-10-02 23:56:30.950 [restartedMain] DEBUG com.zaxxer.hikari.HikariConfig - healthCheckRegistry.............none
2024-10-02 23:56:30.950 [restartedMain] DEBUG com.zaxxer.hikari.HikariConfig - idleTimeout.....................600000
2024-10-02 23:56:30.950 [restartedMain] DEBUG com.zaxxer.hikari.HikariConfig - initializationFailTimeout.......1
2024-10-02 23:56:30.950 [restartedMain] DEBUG com.zaxxer.hikari.HikariConfig - isolateInternalQueries..........false
2024-10-02 23:56:30.950 [restartedMain] DEBUG com.zaxxer.hikari.HikariConfig - jdbcUrl.........................jdbc:mysql://srv1146.hstgr.io:3306/u894841105_notes_app_db
2024-10-02 23:56:30.950 [restartedMain] DEBUG com.zaxxer.hikari.HikariConfig - keepaliveTime...................0
2024-10-02 23:56:30.950 [restartedMain] DEBUG com.zaxxer.hikari.HikariConfig - leakDetectionThreshold..........0
2024-10-02 23:56:30.950 [restartedMain] DEBUG com.zaxxer.hikari.HikariConfig - maxLifetime.....................1800000
2024-10-02 23:56:30.950 [restartedMain] DEBUG com.zaxxer.hikari.HikariConfig - maximumPoolSize.................10
2024-10-02 23:56:30.951 [restartedMain] DEBUG com.zaxxer.hikari.HikariConfig - metricRegistry..................none
2024-10-02 23:56:30.951 [restartedMain] DEBUG com.zaxxer.hikari.HikariConfig - metricsTrackerFactory...........none
2024-10-02 23:56:30.951 [restartedMain] DEBUG com.zaxxer.hikari.HikariConfig - minimumIdle.....................10
2024-10-02 23:56:30.951 [restartedMain] DEBUG com.zaxxer.hikari.HikariConfig - password........................<masked>
2024-10-02 23:56:30.951 [restartedMain] DEBUG com.zaxxer.hikari.HikariConfig - poolName........................"HikariPool-1"
2024-10-02 23:56:30.952 [restartedMain] DEBUG com.zaxxer.hikari.HikariConfig - readOnly........................false
2024-10-02 23:56:30.952 [restartedMain] DEBUG com.zaxxer.hikari.HikariConfig - registerMbeans..................false
2024-10-02 23:56:30.952 [restartedMain] DEBUG com.zaxxer.hikari.HikariConfig - scheduledExecutor...............none
2024-10-02 23:56:30.952 [restartedMain] DEBUG com.zaxxer.hikari.HikariConfig - schema..........................none
2024-10-02 23:56:30.952 [restartedMain] DEBUG com.zaxxer.hikari.HikariConfig - threadFactory...................internal
2024-10-02 23:56:30.952 [restartedMain] DEBUG com.zaxxer.hikari.HikariConfig - transactionIsolation............default
2024-10-02 23:56:30.952 [restartedMain] DEBUG com.zaxxer.hikari.HikariConfig - username........................"u894841105_notes_app_adm"
2024-10-02 23:56:30.952 [restartedMain] DEBUG com.zaxxer.hikari.HikariConfig - validationTimeout...............5000
2024-10-02 23:56:30.955 [restartedMain] INFO  com.zaxxer.hikari.HikariDataSource - HikariPool-1 - Starting...
2024-10-02 23:56:30.990 [restartedMain] DEBUG c.z.hikari.util.DriverDataSource - Loaded driver with class name com.mysql.cj.jdbc.Driver for jdbcUrl=jdbc:mysql://srv1146.hstgr.io:3306/u894841105_notes_app_db
2024-10-02 23:56:33.927 [restartedMain] INFO  com.zaxxer.hikari.pool.HikariPool - HikariPool-1 - Added connection com.mysql.cj.jdbc.ConnectionImpl@1bff88c0
2024-10-02 23:56:33.931 [restartedMain] INFO  com.zaxxer.hikari.HikariDataSource - HikariPool-1 - Start completed.
2024-10-02 23:56:34.031 [HikariPool-1 housekeeper] DEBUG com.zaxxer.hikari.pool.HikariPool - HikariPool-1 - Pool stats (total=1, active=0, idle=1, waiting=0)
2024-10-02 23:56:34.085 [restartedMain] INFO  o.h.jpa.internal.util.LogHelper - HHH000204: Processing PersistenceUnitInfo [name: default]
2024-10-02 23:56:34.164 [restartedMain] INFO  org.hibernate.Version - HHH000412: Hibernate ORM core version 6.5.3.Final
2024-10-02 23:56:34.206 [restartedMain] INFO  o.h.c.i.RegionFactoryInitiator - HHH000026: Second-level cache disabled
2024-10-02 23:56:34.595 [restartedMain] INFO  o.s.o.j.p.SpringPersistenceUnitInfo - No LoadTimeWeaver setup: ignoring JPA class transformer
2024-10-02 23:56:35.233 [restartedMain] WARN  org.hibernate.dialect.Dialect - HHH000511: The 5.5.5 version for [org.hibernate.dialect.MySQLDialect] is no longer supported, hence certain features may not work properly. The minimum supported version is 8.0.0. Check the community dialects project for available legacy versions.
2024-10-02 23:56:36.129 [HikariPool-1 connection adder] DEBUG com.zaxxer.hikari.pool.HikariPool - HikariPool-1 - Added connection com.mysql.cj.jdbc.ConnectionImpl@39f7fd04
2024-10-02 23:56:36.161 [HikariPool-1 connection adder] DEBUG com.zaxxer.hikari.pool.HikariPool - HikariPool-1 - After adding stats (total=2, active=0, idle=2, waiting=0)
2024-10-02 23:56:36.755 [restartedMain] INFO  o.h.e.t.j.p.i.JtaPlatformInitiator - HHH000489: No JTA platform available (set 'hibernate.transaction.jta.platform' to enable JTA platform integration)
2024-10-02 23:56:38.162 [HikariPool-1 connection adder] DEBUG com.zaxxer.hikari.pool.HikariPool - HikariPool-1 - Added connection com.mysql.cj.jdbc.ConnectionImpl@681ac849
2024-10-02 23:56:38.207 [HikariPool-1 connection adder] DEBUG com.zaxxer.hikari.pool.HikariPool - HikariPool-1 - After adding stats (total=3, active=1, idle=2, waiting=0)
2024-10-02 23:56:40.188 [HikariPool-1 connection adder] DEBUG com.zaxxer.hikari.pool.HikariPool - HikariPool-1 - Added connection com.mysql.cj.jdbc.ConnectionImpl@29a4458c
2024-10-02 23:56:40.234 [HikariPool-1 connection adder] DEBUG com.zaxxer.hikari.pool.HikariPool - HikariPool-1 - After adding stats (total=4, active=1, idle=3, waiting=0)
2024-10-02 23:56:42.344 [HikariPool-1 connection adder] DEBUG com.zaxxer.hikari.pool.HikariPool - HikariPool-1 - Added connection com.mysql.cj.jdbc.ConnectionImpl@6c54d4e2
2024-10-02 23:56:42.386 [HikariPool-1 connection adder] DEBUG com.zaxxer.hikari.pool.HikariPool - HikariPool-1 - After adding stats (total=5, active=1, idle=4, waiting=0)
2024-10-02 23:56:44.480 [HikariPool-1 connection adder] DEBUG com.zaxxer.hikari.pool.HikariPool - HikariPool-1 - Added connection com.mysql.cj.jdbc.ConnectionImpl@24bc5b96
2024-10-02 23:56:44.511 [HikariPool-1 connection adder] DEBUG com.zaxxer.hikari.pool.HikariPool - HikariPool-1 - After adding stats (total=6, active=1, idle=5, waiting=0)
2024-10-02 23:56:46.471 [HikariPool-1 connection adder] DEBUG com.zaxxer.hikari.pool.HikariPool - HikariPool-1 - Added connection com.mysql.cj.jdbc.ConnectionImpl@2c461b6b
2024-10-02 23:56:46.509 [HikariPool-1 connection adder] DEBUG com.zaxxer.hikari.pool.HikariPool - HikariPool-1 - After adding stats (total=7, active=1, idle=6, waiting=0)
2024-10-02 23:56:48.480 [HikariPool-1 connection adder] DEBUG com.zaxxer.hikari.pool.HikariPool - HikariPool-1 - Added connection com.mysql.cj.jdbc.ConnectionImpl@39749e95
2024-10-02 23:56:48.517 [HikariPool-1 connection adder] DEBUG com.zaxxer.hikari.pool.HikariPool - HikariPool-1 - After adding stats (total=8, active=1, idle=7, waiting=0)
2024-10-02 23:56:50.518 [HikariPool-1 connection adder] DEBUG com.zaxxer.hikari.pool.HikariPool - HikariPool-1 - Added connection com.mysql.cj.jdbc.ConnectionImpl@4b87dba0
2024-10-02 23:56:50.549 [HikariPool-1 connection adder] DEBUG com.zaxxer.hikari.pool.HikariPool - HikariPool-1 - After adding stats (total=9, active=1, idle=8, waiting=0)
2024-10-02 23:56:52.323 [restartedMain] INFO  o.s.o.j.LocalContainerEntityManagerFactoryBean - Initialized JPA EntityManagerFactory for persistence unit 'default'
2024-10-02 23:56:52.541 [HikariPool-1 connection adder] DEBUG com.zaxxer.hikari.pool.HikariPool - HikariPool-1 - Added connection com.mysql.cj.jdbc.ConnectionImpl@59c0f5b7
2024-10-02 23:56:52.581 [HikariPool-1 connection adder] DEBUG com.zaxxer.hikari.pool.HikariPool - HikariPool-1 - After adding stats (total=10, active=0, idle=10, waiting=0)
2024-10-02 23:56:52.995 [restartedMain] INFO  o.s.s.c.a.a.c.InitializeAuthenticationProviderBeanManagerConfigurer$InitializeAuthenticationProviderManagerConfigurer - Global AuthenticationManager configured with AuthenticationProvider bean with name authenticationProvider
2024-10-02 23:56:53.000 [restartedMain] WARN  o.s.s.c.a.a.c.InitializeUserDetailsBeanManagerConfigurer$InitializeUserDetailsManagerConfigurer - Global AuthenticationManager configured with an AuthenticationProvider bean. UserDetailsService beans will not be used for username/password login. Consider removing the AuthenticationProvider bean. Alternatively, consider using the UserDetailsService in a manually instantiated DaoAuthenticationProvider.
2024-10-02 23:56:54.708 [restartedMain] INFO  o.s.b.a.e.web.EndpointLinksResolver - Exposing 1 endpoint beneath base path '/actuator'
2024-10-02 23:56:55.463 [restartedMain] INFO  o.s.b.d.a.OptionalLiveReloadServer - LiveReload server is running on port 35729
2024-10-02 23:56:55.530 [restartedMain] INFO  o.a.coyote.http11.Http11NioProtocol - Starting ProtocolHandler ["http-nio-8080"]
2024-10-02 23:56:55.558 [restartedMain] INFO  o.s.b.w.e.tomcat.TomcatWebServer - Tomcat started on port 8080 (http) with context path '/'
2024-10-02 23:56:55.573 [restartedMain] INFO  com.notesbackend.NotesApp - Started NotesApp in 31.341 seconds (process running for 32.967)
2024-10-02 23:56:59.326 [RMI TCP Connection(11)-127.0.0.1] INFO  o.a.c.c.C.[Tomcat].[localhost].[/] - Initializing Spring DispatcherServlet 'dispatcherServlet'
2024-10-02 23:56:59.326 [RMI TCP Connection(11)-127.0.0.1] INFO  o.s.web.servlet.DispatcherServlet - Initializing Servlet 'dispatcherServlet'
2024-10-02 23:56:59.331 [RMI TCP Connection(11)-127.0.0.1] INFO  o.s.web.servlet.DispatcherServlet - Completed initialization in 5 ms
